========================================================================================================================
Fold 0 Training
========================================================================================================================

4/35 * Epoch (train): 100% 1632/1632 [54:27<00:00,  2.00s/it, f1_at_03=0.074, f1_at_05=0.074, f1_at_07=0.000e+00, loss=0.002, mAP=0.048]
4/35 * Epoch (valid): 100% 204/204 [12:33<00:00,  3.69s/it, f1_at_03=0.519, f1_at_05=0.365, f1_at_07=0.079, loss=0.002, mAP=0.021]
[2021-04-20 16:34:46,246]
4/35 * Epoch 4 (_base): lr=0.0007 | momentum=0.9000                                                                                                                                             [308/649]
4/35 * Epoch 4 (train): epoch_f1_at_03=0.1233 | epoch_f1_at_05=0.0323 | epoch_f1_at_07=0.0061 | epoch_mAP=0.1958 | f1_at_03=0.1233 | f1_at_05=0.0323 | f1_at_07=0.0061 | loss=0.0024 | mAP=0.0561
4/35 * Epoch 4 (valid): epoch_f1_at_03=0.2554 | epoch_f1_at_05=0.1036 | epoch_f1_at_07=0.0392 | epoch_mAP=0.3753 | f1_at_03=0.2554 | f1_at_05=0.1036 | f1_at_07=0.0392 | loss=0.0020 | mAP=0.0070
5/35 * Epoch (train): 100% 1632/1632 [54:27<00:00,  2.00s/it, f1_at_03=0.111, f1_at_05=0.000e+00, f1_at_07=0.000e+00, loss=0.002, mAP=0.052]
5/35 * Epoch (valid): 100% 204/204 [12:34<00:00,  3.70s/it, f1_at_03=0.455, f1_at_05=0.000e+00, f1_at_07=0.000e+00, loss=0.002, mAP=0.018]
[2021-04-20 17:41:48,977]
5/35 * Epoch 5 (_base): lr=0.0005 | momentum=0.9000
5/35 * Epoch 5 (train): epoch_f1_at_03=0.1797 | epoch_f1_at_05=0.0525 | epoch_f1_at_07=0.0105 | epoch_mAP=0.2638 | f1_at_03=0.1797 | f1_at_05=0.0525 | f1_at_07=0.0105 | loss=0.0022 | mAP=0.0588
5/35 * Epoch 5 (valid): epoch_f1_at_03=0.3022 | epoch_f1_at_05=0.1222 | epoch_f1_at_07=0.0364 | epoch_mAP=0.4249 | f1_at_03=0.3022 | f1_at_05=0.1222 | f1_at_07=0.0364 | loss=0.0019 | mAP=0.0071
6/35 * Epoch (train): 100% 1632/1632 [54:28<00:00,  2.00s/it, f1_at_03=0.296, f1_at_05=0.148, f1_at_07=0.037, loss=0.002, mAP=0.055]
6/35 * Epoch (valid): 100% 204/204 [12:33<00:00,  3.69s/it, f1_at_03=0.519, f1_at_05=0.349, f1_at_07=0.032, loss=0.001, mAP=0.022]
[2021-04-20 18:48:51,423]
6/35 * Epoch 6 (_base): lr=0.0003 | momentum=0.9000
6/35 * Epoch 6 (train): epoch_f1_at_03=0.2399 | epoch_f1_at_05=0.0793 | epoch_f1_at_07=0.0155 | epoch_mAP=0.3396 | f1_at_03=0.2399 | f1_at_05=0.0793 | f1_at_07=0.0155 | loss=0.0020 | mAP=0.0614
6/35 * Epoch 6 (valid): epoch_f1_at_03=0.3463 | epoch_f1_at_05=0.1693 | epoch_f1_at_07=0.0641 | epoch_mAP=0.4733 | f1_at_03=0.3463 | f1_at_05=0.1693 | f1_at_07=0.0641 | loss=0.0018 | mAP=0.0072
7/35 * Epoch (train): 100% 1632/1632 [54:26<00:00,  2.00s/it, f1_at_03=0.210, f1_at_05=0.037, f1_at_07=0.000e+00, loss=0.002, mAP=0.054]
7/35 * Epoch (valid): 100% 204/204 [12:33<00:00,  3.69s/it, f1_at_03=0.685, f1_at_05=0.386, f1_at_07=0.016, loss=0.001, mAP=0.025]
[2021-04-20 19:55:52,100]
7/35 * Epoch 7 (_base): lr=0.0002 | momentum=0.9000
7/35 * Epoch 7 (train): epoch_f1_at_03=0.2989 | epoch_f1_at_05=0.1117 | epoch_f1_at_07=0.0255 | epoch_mAP=0.4075 | f1_at_03=0.2989 | f1_at_05=0.1117 | f1_at_07=0.0255 | loss=0.0019 | mAP=0.0633
7/35 * Epoch 7 (valid): epoch_f1_at_03=0.4204 | epoch_f1_at_05=0.2365 | epoch_f1_at_07=0.0948 | epoch_mAP=0.5276 | f1_at_03=0.4204 | f1_at_05=0.2365 | f1_at_07=0.0948 | loss=0.0016 | mAP=0.0073
8/35 * Epoch (train): 100% 1632/1632 [54:24<00:00,  2.00s/it, f1_at_03=0.247, f1_at_05=0.173, f1_at_07=0.037, loss=0.002, mAP=0.054]
8/35 * Epoch (valid): 100% 204/204 [12:33<00:00,  3.69s/it, f1_at_03=0.762, f1_at_05=0.466, f1_at_07=0.206, loss=8.873e-04, mAP=0.026]
[2021-04-20 21:02:50,402]
8/35 * Epoch 8 (_base): lr=9.549e-05 | momentum=0.9000
8/35 * Epoch 8 (train): epoch_f1_at_03=0.3607 | epoch_f1_at_05=0.1494 | epoch_f1_at_07=0.0355 | epoch_mAP=0.4776 | f1_at_03=0.3607 | f1_at_05=0.1494 | f1_at_07=0.0355 | loss=0.0017 | mAP=0.0650
8/35 * Epoch 8 (valid): epoch_f1_at_03=0.4809 | epoch_f1_at_05=0.2937 | epoch_f1_at_07=0.1335 | epoch_mAP=0.5632 | f1_at_03=0.4809 | f1_at_05=0.2937 | f1_at_07=0.1335 | loss=0.0015 | mAP=0.0073
9/35 * Epoch (train): 100% 1632/1632 [54:27<00:00,  2.00s/it, f1_at_03=0.481, f1_at_05=0.185, f1_at_07=0.037, loss=0.001, mAP=0.059]
9/35 * Epoch (valid): 100% 204/204 [12:32<00:00,  3.69s/it, f1_at_03=0.741, f1_at_05=0.524, f1_at_07=0.238, loss=8.387e-04, mAP=0.026]
[2021-04-20 22:09:51,263]
9/35 * Epoch 9 (_base): lr=2.447e-05 | momentum=0.9000
9/35 * Epoch 9 (train): epoch_f1_at_03=0.4054 | epoch_f1_at_05=0.1877 | epoch_f1_at_07=0.0493 | epoch_mAP=0.5268 | f1_at_03=0.4054 | f1_at_05=0.1877 | f1_at_07=0.0493 | loss=0.0016 | mAP=0.0658
9/35 * Epoch 9 (valid): epoch_f1_at_03=0.5000 | epoch_f1_at_05=0.3054 | epoch_f1_at_07=0.1422 | epoch_mAP=0.5732 | f1_at_03=0.5000 | f1_at_05=0.3054 | f1_at_07=0.1422 | loss=0.0014 | mAP=0.0073
10/35 * Epoch (train): 100% 1632/1632 [54:27<00:00,  2.00s/it, f1_at_03=0.296, f1_at_05=0.148, f1_at_07=0.000e+00, loss=0.002, mAP=0.053]
10/35 * Epoch (valid): 100% 204/204 [12:33<00:00,  3.70s/it, f1_at_03=0.757, f1_at_05=0.550, f1_at_07=0.349, loss=7.891e-04, mAP=0.026]
[2021-04-20 23:16:53,327]
10/35 * Epoch 10 (_base): lr=0.000e+00 | momentum=0.9000
10/35 * Epoch 10 (train): epoch_f1_at_03=0.4277 | epoch_f1_at_05=0.2061 | epoch_f1_at_07=0.0560 | epoch_mAP=0.5568 | f1_at_03=0.4277 | f1_at_05=0.2061 | f1_at_07=0.0560 | loss=0.0015 | mAP=0.0664
10/35 * Epoch 10 (valid): epoch_f1_at_03=0.5175 | epoch_f1_at_05=0.3303 | epoch_f1_at_07=0.1591 | epoch_mAP=0.5862 | f1_at_03=0.5175 | f1_at_05=0.3303 | f1_at_07=0.1591 | loss=0.0014 | mAP=0.0074
11/35 * Epoch (train): 100% 1632/1632 [54:25<00:00,  2.00s/it, f1_at_03=0.519, f1_at_05=0.333, f1_at_07=0.037, loss=0.001, mAP=0.061]
11/35 * Epoch (valid): 100% 204/204 [12:34<00:00,  3.70s/it, f1_at_03=0.735, f1_at_05=0.556, f1_at_07=0.349, loss=8.085e-04, mAP=0.026]
[2021-04-21 00:23:53,954]
11/35 * Epoch 11 (_base): lr=2.447e-05 | momentum=0.9000
11/35 * Epoch 11 (train): epoch_f1_at_03=0.4378 | epoch_f1_at_05=0.2116 | epoch_f1_at_07=0.0611 | epoch_mAP=0.5671 | f1_at_03=0.4378 | f1_at_05=0.2116 | f1_at_07=0.0611 | loss=0.0015 | mAP=0.0666
11/35 * Epoch 11 (valid): epoch_f1_at_03=0.5191 | epoch_f1_at_05=0.3295 | epoch_f1_at_07=0.1591 | epoch_mAP=0.5924 | f1_at_03=0.5191 | f1_at_05=0.3295 | f1_at_07=0.1591 | loss=0.0014 | mAP=0.0074
12/35 * Epoch (train): 100% 1632/1632 [54:26<00:00,  2.00s/it, f1_at_03=0.444, f1_at_05=0.333, f1_at_07=0.222, loss=0.002, mAP=0.055]
12/35 * Epoch (valid): 100% 204/204 [12:33<00:00,  3.69s/it, f1_at_03=0.738, f1_at_05=0.524, f1_at_07=0.254, loss=8.468e-04, mAP=0.026]
[2021-04-21 01:30:53,812]
12/35 * Epoch 12 (_base): lr=9.549e-05 | momentum=0.9000                                                                                                                                        [260/649]
12/35 * Epoch 12 (train): epoch_f1_at_03=0.4358 | epoch_f1_at_05=0.2121 | epoch_f1_at_07=0.0613 | epoch_mAP=0.5664 | f1_at_03=0.4358 | f1_at_05=0.2121 | f1_at_07=0.0613 | loss=0.0015 | mAP=0.0667
12/35 * Epoch 12 (valid): epoch_f1_at_03=0.5179 | epoch_f1_at_05=0.3377 | epoch_f1_at_07=0.1645 | epoch_mAP=0.5970 | f1_at_03=0.5179 | f1_at_05=0.3377 | f1_at_07=0.1645 | loss=0.0014 | mAP=0.0074
13/35 * Epoch (train): 100% 1632/1632 [54:25<00:00,  2.00s/it, f1_at_03=0.333, f1_at_05=0.148, f1_at_07=0.074, loss=0.002, mAP=0.056]
13/35 * Epoch (valid): 100% 204/204 [12:34<00:00,  3.70s/it, f1_at_03=0.730, f1_at_05=0.550, f1_at_07=0.376, loss=8.534e-04, mAP=0.026]
[2021-04-21 02:37:53,536]
13/35 * Epoch 13 (_base): lr=0.0002 | momentum=0.9000
13/35 * Epoch 13 (train): epoch_f1_at_03=0.4321 | epoch_f1_at_05=0.2104 | epoch_f1_at_07=0.0616 | epoch_mAP=0.5523 | f1_at_03=0.4321 | f1_at_05=0.2104 | f1_at_07=0.0616 | loss=0.0015 | mAP=0.0665
13/35 * Epoch 13 (valid): epoch_f1_at_03=0.5143 | epoch_f1_at_05=0.3296 | epoch_f1_at_07=0.1583 | epoch_mAP=0.5915 | f1_at_03=0.5143 | f1_at_05=0.3296 | f1_at_07=0.1583 | loss=0.0014 | mAP=0.0074
14/35 * Epoch (train): 100% 1632/1632 [54:24<00:00,  2.00s/it, f1_at_03=0.259, f1_at_05=0.111, f1_at_07=0.037, loss=0.002, mAP=0.057]
14/35 * Epoch (valid): 100% 204/204 [12:33<00:00,  3.69s/it, f1_at_03=0.730, f1_at_05=0.471, f1_at_07=0.106, loss=8.608e-04, mAP=0.026]
[2021-04-21 03:44:51,011]
14/35 * Epoch 14 (_base): lr=0.0003 | momentum=0.9000
14/35 * Epoch 14 (train): epoch_f1_at_03=0.4149 | epoch_f1_at_05=0.1958 | epoch_f1_at_07=0.0562 | epoch_mAP=0.5347 | f1_at_03=0.4149 | f1_at_05=0.1958 | f1_at_07=0.0562 | loss=0.0016 | mAP=0.0662
14/35 * Epoch 14 (valid): epoch_f1_at_03=0.5132 | epoch_f1_at_05=0.3208 | epoch_f1_at_07=0.1475 | epoch_mAP=0.5926 | f1_at_03=0.5132 | f1_at_05=0.3208 | f1_at_07=0.1475 | loss=0.0014 | mAP=0.0074
15/35 * Epoch (train): 100% 1632/1632 [54:26<00:00,  2.00s/it, f1_at_03=0.395, f1_at_05=0.074, f1_at_07=0.000e+00, loss=0.002, mAP=0.055]
15/35 * Epoch (valid): 100% 204/204 [12:32<00:00,  3.69s/it, f1_at_03=0.733, f1_at_05=0.503, f1_at_07=0.058, loss=0.001, mAP=0.026]
[2021-04-21 04:51:50,601]
15/35 * Epoch 15 (_base): lr=0.0005 | momentum=0.9000
15/35 * Epoch 15 (train): epoch_f1_at_03=0.3940 | epoch_f1_at_05=0.1816 | epoch_f1_at_07=0.0525 | epoch_mAP=0.5072 | f1_at_03=0.3940 | f1_at_05=0.1816 | f1_at_07=0.0525 | loss=0.0016 | mAP=0.0657
15/35 * Epoch 15 (valid): epoch_f1_at_03=0.4918 | epoch_f1_at_05=0.3040 | epoch_f1_at_07=0.1483 | epoch_mAP=0.5800 | f1_at_03=0.4918 | f1_at_05=0.3040 | f1_at_07=0.1483 | loss=0.0015 | mAP=0.0074
16/35 * Epoch (train): 100% 1632/1632 [54:23<00:00,  2.00s/it, f1_at_03=0.333, f1_at_05=0.000e+00, f1_at_07=0.000e+00, loss=0.002, mAP=0.055]
16/35 * Epoch (valid): 100% 204/204 [12:33<00:00,  3.69s/it, f1_at_03=0.693, f1_at_05=0.455, f1_at_07=0.138, loss=9.951e-04, mAP=0.023]
[2021-04-21 05:58:47,853]
16/35 * Epoch 16 (_base): lr=0.0007 | momentum=0.9000
16/35 * Epoch 16 (train): epoch_f1_at_03=0.3702 | epoch_f1_at_05=0.1653 | epoch_f1_at_07=0.0478 | epoch_mAP=0.4795 | f1_at_03=0.3702 | f1_at_05=0.1653 | f1_at_07=0.0478 | loss=0.0017 | mAP=0.0653
16/35 * Epoch 16 (valid): epoch_f1_at_03=0.4671 | epoch_f1_at_05=0.2871 | epoch_f1_at_07=0.1387 | epoch_mAP=0.5547 | f1_at_03=0.4671 | f1_at_05=0.2871 | f1_at_07=0.1387 | loss=0.0016 | mAP=0.0073
17/35 * Epoch (train): 100% 1632/1632 [54:22<00:00,  2.00s/it, f1_at_03=0.395, f1_at_05=0.148, f1_at_07=0.000e+00, loss=0.001, mAP=0.062]
17/35 * Epoch (valid): 100% 204/204 [12:33<00:00,  3.69s/it, f1_at_03=0.730, f1_at_05=0.492, f1_at_07=0.053, loss=9.963e-04, mAP=0.023]
[2021-04-21 07:05:43,561]
17/35 * Epoch 17 (_base): lr=0.0008 | momentum=0.9000
17/35 * Epoch 17 (train): epoch_f1_at_03=0.3501 | epoch_f1_at_05=0.1537 | epoch_f1_at_07=0.0427 | epoch_mAP=0.4562 | f1_at_03=0.3501 | f1_at_05=0.1537 | f1_at_07=0.0427 | loss=0.0017 | mAP=0.0647
17/35 * Epoch 17 (valid): epoch_f1_at_03=0.4400 | epoch_f1_at_05=0.2479 | epoch_f1_at_07=0.1033 | epoch_mAP=0.5575 | f1_at_03=0.4400 | f1_at_05=0.2479 | f1_at_07=0.1033 | loss=0.0016 | mAP=0.0073
18/35 * Epoch (train): 100% 1632/1632 [54:23<00:00,  2.00s/it, f1_at_03=0.395, f1_at_05=0.185, f1_at_07=0.000e+00, loss=0.002, mAP=0.054]
18/35 * Epoch (valid): 100% 204/204 [12:33<00:00,  3.70s/it, f1_at_03=0.683, f1_at_05=0.444, f1_at_07=0.016, loss=9.586e-04, mAP=0.026]
[2021-04-21 08:12:40,952]
18/35 * Epoch 18 (_base): lr=0.0009 | momentum=0.9000
18/35 * Epoch 18 (train): epoch_f1_at_03=0.3402 | epoch_f1_at_05=0.1501 | epoch_f1_at_07=0.0430 | epoch_mAP=0.4450 | f1_at_03=0.3402 | f1_at_05=0.1501 | f1_at_07=0.0430 | loss=0.0018 | mAP=0.0646
18/35 * Epoch 18 (valid): epoch_f1_at_03=0.4574 | epoch_f1_at_05=0.2738 | epoch_f1_at_07=0.1251 | epoch_mAP=0.5502 | f1_at_03=0.4574 | f1_at_05=0.2738 | f1_at_07=0.1251 | loss=0.0016 | mAP=0.0073
19/35 * Epoch (train): 100% 1632/1632 [54:25<00:00,  2.00s/it, f1_at_03=0.296, f1_at_05=0.111, f1_at_07=0.000e+00, loss=0.002, mAP=0.047]
19/35 * Epoch (valid): 100% 204/204 [12:32<00:00,  3.69s/it, f1_at_03=0.635, f1_at_05=0.434, f1_at_07=0.212, loss=0.001, mAP=0.021]
[2021-04-21 09:19:39,597]
19/35 * Epoch 19 (_base): lr=0.0010 | momentum=0.9000
19/35 * Epoch 19 (train): epoch_f1_at_03=0.3398 | epoch_f1_at_05=0.1486 | epoch_f1_at_07=0.0411 | epoch_mAP=0.4418 | f1_at_03=0.3398 | f1_at_05=0.1486 | f1_at_07=0.0411 | loss=0.0018 | mAP=0.0645
19/35 * Epoch 19 (valid): epoch_f1_at_03=0.4364 | epoch_f1_at_05=0.2405 | epoch_f1_at_07=0.1051 | epoch_mAP=0.5493 | f1_at_03=0.4364 | f1_at_05=0.2405 | f1_at_07=0.1051 | loss=0.0016 | mAP=0.0073
20/35 * Epoch (train): 100% 1632/1632 [54:22<00:00,  2.00s/it, f1_at_03=0.407, f1_at_05=0.148, f1_at_07=0.037, loss=0.002, mAP=0.059]
20/35 * Epoch (valid): 100% 204/204 [12:34<00:00,  3.70s/it, f1_at_03=0.688, f1_at_05=0.455, f1_at_07=0.021, loss=0.001, mAP=0.023]
[2021-04-21 10:26:37,132]
20/35 * Epoch 20 (_base): lr=0.0010 | momentum=0.9000                                                                                                                                           [212/649]
20/35 * Epoch 20 (train): epoch_f1_at_03=0.3439 | epoch_f1_at_05=0.1511 | epoch_f1_at_07=0.0441 | epoch_mAP=0.4496 | f1_at_03=0.3439 | f1_at_05=0.1511 | f1_at_07=0.0441 | loss=0.0018 | mAP=0.0645
20/35 * Epoch 20 (valid): epoch_f1_at_03=0.4341 | epoch_f1_at_05=0.2527 | epoch_f1_at_07=0.1113 | epoch_mAP=0.5412 | f1_at_03=0.4341 | f1_at_05=0.2527 | f1_at_07=0.1113 | loss=0.0016 | mAP=0.0073
21/35 * Epoch (train): 100% 1632/1632 [54:24<00:00,  2.00s/it, f1_at_03=0.358, f1_at_05=0.185, f1_at_07=0.111, loss=0.002, mAP=0.055]
21/35 * Epoch (valid): 100% 204/204 [12:33<00:00,  3.69s/it, f1_at_03=0.672, f1_at_05=0.529, f1_at_07=0.296, loss=0.001, mAP=0.024]
[2021-04-21 11:33:35,054]
21/35 * Epoch 21 (_base): lr=0.0010 | momentum=0.9000
21/35 * Epoch 21 (train): epoch_f1_at_03=0.3592 | epoch_f1_at_05=0.1648 | epoch_f1_at_07=0.0514 | epoch_mAP=0.4682 | f1_at_03=0.3592 | f1_at_05=0.1648 | f1_at_07=0.0514 | loss=0.0017 | mAP=0.0649
21/35 * Epoch 21 (valid): epoch_f1_at_03=0.4790 | epoch_f1_at_05=0.2969 | epoch_f1_at_07=0.1441 | epoch_mAP=0.5643 | f1_at_03=0.4790 | f1_at_05=0.2969 | f1_at_07=0.1441 | loss=0.0016 | mAP=0.0073
22/35 * Epoch (train): 100% 1632/1632 [54:27<00:00,  2.00s/it, f1_at_03=0.469, f1_at_05=0.185, f1_at_07=0.037, loss=0.001, mAP=0.066]
22/35 * Epoch (valid): 100% 204/204 [12:34<00:00,  3.70s/it, f1_at_03=0.730, f1_at_05=0.571, f1_at_07=0.365, loss=0.001, mAP=0.025]
[2021-04-21 12:40:37,445]
22/35 * Epoch 22 (_base): lr=0.0009 | momentum=0.9000
22/35 * Epoch 22 (train): epoch_f1_at_03=0.3770 | epoch_f1_at_05=0.1818 | epoch_f1_at_07=0.0581 | epoch_mAP=0.4864 | f1_at_03=0.3770 | f1_at_05=0.1818 | f1_at_07=0.0581 | loss=0.0017 | mAP=0.0653
22/35 * Epoch 22 (valid): epoch_f1_at_03=0.5045 | epoch_f1_at_05=0.3419 | epoch_f1_at_07=0.1935 | epoch_mAP=0.5768 | f1_at_03=0.5045 | f1_at_05=0.3419 | f1_at_07=0.1935 | loss=0.0016 | mAP=0.0074
23/35 * Epoch (train): 100% 1632/1632 [54:33<00:00,  2.01s/it, f1_at_03=0.469, f1_at_05=0.259, f1_at_07=0.148, loss=0.002, mAP=0.048]
23/35 * Epoch (valid): 100% 204/204 [12:34<00:00,  3.70s/it, f1_at_03=0.746, f1_at_05=0.534, f1_at_07=0.333, loss=0.001, mAP=0.023]
[2021-04-21 13:47:45,775]
23/35 * Epoch 23 (_base): lr=0.0008 | momentum=0.9000
23/35 * Epoch 23 (train): epoch_f1_at_03=0.4021 | epoch_f1_at_05=0.2037 | epoch_f1_at_07=0.0697 | epoch_mAP=0.5134 | f1_at_03=0.4021 | f1_at_05=0.2037 | f1_at_07=0.0697 | loss=0.0016 | mAP=0.0661
23/35 * Epoch 23 (valid): epoch_f1_at_03=0.5069 | epoch_f1_at_05=0.3415 | epoch_f1_at_07=0.1844 | epoch_mAP=0.5832 | f1_at_03=0.5069 | f1_at_05=0.3415 | f1_at_07=0.1844 | loss=0.0015 | mAP=0.0074
24/35 * Epoch (train): 100% 1632/1632 [54:25<00:00,  2.00s/it, f1_at_03=0.259, f1_at_05=0.185, f1_at_07=0.000e+00, loss=0.002, mAP=0.049]
24/35 * Epoch (valid): 100% 204/204 [12:32<00:00,  3.69s/it, f1_at_03=0.807, f1_at_05=0.577, f1_at_07=0.392, loss=9.385e-04, mAP=0.024]
[2021-04-21 14:54:44,751]
24/35 * Epoch 24 (_base): lr=0.0007 | momentum=0.9000
24/35 * Epoch 24 (train): epoch_f1_at_03=0.4266 | epoch_f1_at_05=0.2230 | epoch_f1_at_07=0.0811 | epoch_mAP=0.5418 | f1_at_03=0.4266 | f1_at_05=0.2230 | f1_at_07=0.0811 | loss=0.0016 | mAP=0.0667
24/35 * Epoch 24 (valid): epoch_f1_at_03=0.5267 | epoch_f1_at_05=0.3541 | epoch_f1_at_07=0.1949 | epoch_mAP=0.6084 | f1_at_03=0.5267 | f1_at_05=0.3541 | f1_at_07=0.1949 | loss=0.0015 | mAP=0.0074
25/35 * Epoch (train): 100% 1632/1632 [54:24<00:00,  2.00s/it, f1_at_03=0.284, f1_at_05=0.222, f1_at_07=0.000e+00, loss=0.002, mAP=0.049]
25/35 * Epoch (valid): 100% 204/204 [12:32<00:00,  3.69s/it, f1_at_03=0.778, f1_at_05=0.492, f1_at_07=0.233, loss=8.442e-04, mAP=0.025]
[2021-04-21 16:01:42,459]
25/35 * Epoch 25 (_base): lr=0.0005 | momentum=0.9000
25/35 * Epoch 25 (train): epoch_f1_at_03=0.4658 | epoch_f1_at_05=0.2589 | epoch_f1_at_07=0.0994 | epoch_mAP=0.5846 | f1_at_03=0.4658 | f1_at_05=0.2589 | f1_at_07=0.0994 | loss=0.0015 | mAP=0.0672
25/35 * Epoch 25 (valid): epoch_f1_at_03=0.5415 | epoch_f1_at_05=0.3804 | epoch_f1_at_07=0.2081 | epoch_mAP=0.6206 | f1_at_03=0.5415 | f1_at_05=0.3804 | f1_at_07=0.2081 | loss=0.0014 | mAP=0.0074
26/35 * Epoch (train): 100% 1632/1632 [54:26<00:00,  2.00s/it, f1_at_03=0.519, f1_at_05=0.296, f1_at_07=0.148, loss=0.002, mAP=0.053]
26/35 * Epoch (valid): 100% 204/204 [12:32<00:00,  3.69s/it, f1_at_03=0.741, f1_at_05=0.603, f1_at_07=0.381, loss=0.001, mAP=0.024]
[2021-04-21 17:08:41,644]
26/35 * Epoch 26 (_base): lr=0.0003 | momentum=0.9000
26/35 * Epoch 26 (train): epoch_f1_at_03=0.5001 | epoch_f1_at_05=0.2929 | epoch_f1_at_07=0.1167 | epoch_mAP=0.6185 | f1_at_03=0.5001 | f1_at_05=0.2929 | f1_at_07=0.1167 | loss=0.0014 | mAP=0.0683
26/35 * Epoch 26 (valid): epoch_f1_at_03=0.5696 | epoch_f1_at_05=0.4173 | epoch_f1_at_07=0.2474 | epoch_mAP=0.6325 | f1_at_03=0.5696 | f1_at_05=0.4173 | f1_at_07=0.2474 | loss=0.0014 | mAP=0.0074
27/35 * Epoch (train): 100% 1632/1632 [54:25<00:00,  2.00s/it, f1_at_03=0.469, f1_at_05=0.222, f1_at_07=0.074, loss=0.002, mAP=0.059]
27/35 * Epoch (valid): 100% 204/204 [12:32<00:00,  3.69s/it, f1_at_03=0.820, f1_at_05=0.635, f1_at_07=0.413, loss=9.058e-04, mAP=0.026]
[2021-04-21 18:15:39,932]
27/35 * Epoch 27 (_base): lr=0.0002 | momentum=0.9000
27/35 * Epoch 27 (train): epoch_f1_at_03=0.5339 | epoch_f1_at_05=0.3281 | epoch_f1_at_07=0.1411 | epoch_mAP=0.6509 | f1_at_03=0.5339 | f1_at_05=0.3281 | f1_at_07=0.1411 | loss=0.0013 | mAP=0.0688
27/35 * Epoch 27 (valid): epoch_f1_at_03=0.5828 | epoch_f1_at_05=0.4312 | epoch_f1_at_07=0.2640 | epoch_mAP=0.6456 | f1_at_03=0.5828 | f1_at_05=0.4312 | f1_at_07=0.2640 | loss=0.0014 | mAP=0.0075
28/35 * Epoch (train): 100% 1632/1632 [54:25<00:00,  2.00s/it, f1_at_03=0.556, f1_at_05=0.370, f1_at_07=0.111, loss=0.001, mAP=0.054]
28/35 * Epoch (valid): 100% 204/204 [12:34<00:00,  3.70s/it, f1_at_03=0.820, f1_at_05=0.693, f1_at_07=0.439, loss=8.108e-04, mAP=0.026]
[2021-04-21 19:22:40,473]
28/35 * Epoch 28 (_base): lr=9.549e-05 | momentum=0.9000
28/35 * Epoch 28 (train): epoch_f1_at_03=0.5644 | epoch_f1_at_05=0.3668 | epoch_f1_at_07=0.1659 | epoch_mAP=0.6795 | f1_at_03=0.5644 | f1_at_05=0.3668 | f1_at_07=0.1659 | loss=0.0012 | mAP=0.0696
28/35 * Epoch 28 (valid): epoch_f1_at_03=0.6005 | epoch_f1_at_05=0.4660 | epoch_f1_at_07=0.3043 | epoch_mAP=0.6614 | f1_at_03=0.6005 | f1_at_05=0.4660 | f1_at_07=0.3043 | loss=0.0013 | mAP=0.0075
29/35 * Epoch (train): 100% 1632/1632 [54:25<00:00,  2.00s/it, f1_at_03=0.519, f1_at_05=0.444, f1_at_07=0.185, loss=0.001, mAP=0.063]
29/35 * Epoch (valid): 100% 204/204 [12:32<00:00,  3.69s/it, f1_at_03=0.831, f1_at_05=0.730, f1_at_07=0.444, loss=9.494e-04, mAP=0.026]
[2021-04-21 20:29:39,551]
29/35 * Epoch 29 (_base): lr=2.447e-05 | momentum=0.9000
29/35 * Epoch 29 (train): epoch_f1_at_03=0.5898 | epoch_f1_at_05=0.3962 | epoch_f1_at_07=0.1888 | epoch_mAP=0.7046 | f1_at_03=0.5898 | f1_at_05=0.3962 | f1_at_07=0.1888 | loss=0.0011 | mAP=0.0701
29/35 * Epoch 29 (valid): epoch_f1_at_03=0.6088 | epoch_f1_at_05=0.4739 | epoch_f1_at_07=0.3164 | epoch_mAP=0.6642 | f1_at_03=0.6088 | f1_at_05=0.4739 | f1_at_07=0.3164 | loss=0.0013 | mAP=0.0075
30/35 * Epoch (train): 100% 1632/1632 [54:27<00:00,  2.00s/it, f1_at_03=0.667, f1_at_05=0.370, f1_at_07=0.148, loss=9.556e-04, mAP=0.058]
30/35 * Epoch (valid): 100% 204/204 [12:33<00:00,  3.69s/it, f1_at_03=0.825, f1_at_05=0.735, f1_at_07=0.455, loss=9.431e-04, mAP=0.026]
[2021-04-21 21:36:40,568]
30/35 * Epoch 30 (_base): lr=0.000e+00 | momentum=0.9000
30/35 * Epoch 30 (train): epoch_f1_at_03=0.5981 | epoch_f1_at_05=0.4073 | epoch_f1_at_07=0.2002 | epoch_mAP=0.7146 | f1_at_03=0.5981 | f1_at_05=0.4073 | f1_at_07=0.2002 | loss=0.0011 | mAP=0.0702
30/35 * Epoch 30 (valid): epoch_f1_at_03=0.6176 | epoch_f1_at_05=0.4838 | epoch_f1_at_07=0.3253 | epoch_mAP=0.6710 | f1_at_03=0.6176 | f1_at_05=0.4838 | f1_at_07=0.3253 | loss=0.0013 | mAP=0.0075
31/35 * Epoch (train): 100% 1632/1632 [54:21<00:00,  2.00s/it, f1_at_03=0.556, f1_at_05=0.370, f1_at_07=0.185, loss=0.001, mAP=0.058]
31/35 * Epoch (valid): 100% 204/204 [12:33<00:00,  3.69s/it, f1_at_03=0.836, f1_at_05=0.735, f1_at_07=0.471, loss=9.467e-04, mAP=0.026]
[2021-04-21 22:43:36,138]
31/35 * Epoch 31 (_base): lr=2.447e-05 | momentum=0.9000
31/35 * Epoch 31 (train): epoch_f1_at_03=0.5973 | epoch_f1_at_05=0.4120 | epoch_f1_at_07=0.2023 | epoch_mAP=0.7178 | f1_at_03=0.5973 | f1_at_05=0.4120 | f1_at_07=0.2023 | loss=0.0011 | mAP=0.0703
31/35 * Epoch 31 (valid): epoch_f1_at_03=0.6154 | epoch_f1_at_05=0.4839 | epoch_f1_at_07=0.3257 | epoch_mAP=0.6664 | f1_at_03=0.6154 | f1_at_05=0.4839 | f1_at_07=0.3257 | loss=0.0013 | mAP=0.0075
32/35 * Epoch (train): 100% 1632/1632 [54:23<00:00,  2.00s/it, f1_at_03=0.593, f1_at_05=0.444, f1_at_07=0.296, loss=0.001, mAP=0.062]
32/35 * Epoch (valid): 100% 204/204 [12:33<00:00,  3.69s/it, f1_at_03=0.831, f1_at_05=0.741, f1_at_07=0.455, loss=8.996e-04, mAP=0.026]
[2021-04-21 23:50:33,199]
32/35 * Epoch 32 (_base): lr=9.549e-05 | momentum=0.9000
32/35 * Epoch 32 (train): epoch_f1_at_03=0.6023 | epoch_f1_at_05=0.4161 | epoch_f1_at_07=0.2023 | epoch_mAP=0.7203 | f1_at_03=0.6023 | f1_at_05=0.4161 | f1_at_07=0.2023 | loss=0.0011 | mAP=0.0704
32/35 * Epoch 32 (valid): epoch_f1_at_03=0.6125 | epoch_f1_at_05=0.4830 | epoch_f1_at_07=0.3217 | epoch_mAP=0.6715 | f1_at_03=0.6125 | f1_at_05=0.4830 | f1_at_07=0.3217 | loss=0.0013 | mAP=0.0075
33/35 * Epoch (train): 100% 1632/1632 [54:24<00:00,  2.00s/it, f1_at_03=0.580, f1_at_05=0.259, f1_at_07=0.148, loss=0.001, mAP=0.067]
33/35 * Epoch (valid): 100% 204/204 [12:34<00:00,  3.70s/it, f1_at_03=0.836, f1_at_05=0.741, f1_at_07=0.481, loss=8.763e-04, mAP=0.026]
[2021-04-22 00:57:32,103]
33/35 * Epoch 33 (_base): lr=0.0002 | momentum=0.9000
33/35 * Epoch 33 (train): epoch_f1_at_03=0.5977 | epoch_f1_at_05=0.4063 | epoch_f1_at_07=0.1991 | epoch_mAP=0.7114 | f1_at_03=0.5977 | f1_at_05=0.4063 | f1_at_07=0.1991 | loss=0.0011 | mAP=0.0703
33/35 * Epoch 33 (valid): epoch_f1_at_03=0.6086 | epoch_f1_at_05=0.4777 | epoch_f1_at_07=0.3241 | epoch_mAP=0.6683 | f1_at_03=0.6086 | f1_at_05=0.4777 | f1_at_07=0.3241 | loss=0.0013 | mAP=0.0075
34/35 * Epoch (train): 100% 1632/1632 [54:27<00:00,  2.00s/it, f1_at_03=0.556, f1_at_05=0.296, f1_at_07=0.037, loss=0.001, mAP=0.057]
34/35 * Epoch (valid): 100% 204/204 [12:33<00:00,  3.69s/it, f1_at_03=0.799, f1_at_05=0.614, f1_at_07=0.370, loss=9.645e-04, mAP=0.024]
[2021-04-22 02:04:32,502]
34/35 * Epoch 34 (_base): lr=0.0003 | momentum=0.9000
34/35 * Epoch 34 (train): epoch_f1_at_03=0.5898 | epoch_f1_at_05=0.3990 | epoch_f1_at_07=0.1906 | epoch_mAP=0.7059 | f1_at_03=0.5898 | f1_at_05=0.3990 | f1_at_07=0.1906 | loss=0.0011 | mAP=0.0701
34/35 * Epoch 34 (valid): epoch_f1_at_03=0.6069 | epoch_f1_at_05=0.4712 | epoch_f1_at_07=0.3101 | epoch_mAP=0.6678 | f1_at_03=0.6069 | f1_at_05=0.4712 | f1_at_07=0.3101 | loss=0.0013 | mAP=0.0075
35/35 * Epoch (train): 100% 1632/1632 [54:21<00:00,  2.00s/it, f1_at_03=0.543, f1_at_05=0.444, f1_at_07=0.222, loss=0.001, mAP=0.054]
35/35 * Epoch (valid): 100% 204/204 [12:32<00:00,  3.69s/it, f1_at_03=0.765, f1_at_05=0.693, f1_at_07=0.481, loss=0.002, mAP=0.023]
[2021-04-22 03:11:27,137]
35/35 * Epoch 35 (_base): lr=0.0005 | momentum=0.9000
35/35 * Epoch 35 (train): epoch_f1_at_03=0.5693 | epoch_f1_at_05=0.3796 | epoch_f1_at_07=0.1817 | epoch_mAP=0.6856 | f1_at_03=0.5693 | f1_at_05=0.3796 | f1_at_07=0.1817 | loss=0.0012 | mAP=0.0697
35/35 * Epoch 35 (valid): epoch_f1_at_03=0.5955 | epoch_f1_at_05=0.4613 | epoch_f1_at_07=0.3029 | epoch_mAP=0.6599 | f1_at_03=0.5955 | f1_at_05=0.4613 | f1_at_07=0.3029 | loss=0.0013 | mAP=0.0074
Top best models:
out/fold0/checkpoints/train.31.pth      0.4839
