========================================================================================================================
Fold 1 Training
========================================================================================================================
Starting 1 epoch...
Epoch 1 - avg_train_loss: 0.01145  avg_val_loss: 0.00364  time: 595s
Epoch 1 - train_f1_at_03:0.00142  valid_f1_at_03:0.01333
Epoch 1 - train_f1_at_05:0.00004  valid_f1_at_05:0.00008
>>>>>>>> Model Improved From -inf ----> 0.01332822673305247
other scores here... 0.01332822673305247, 7.659900421294524e-05
Starting 2 epoch...
Epoch 2 - avg_train_loss: 0.00376  avg_val_loss: 0.00338  time: 594s
Epoch 2 - train_f1_at_03:0.00760  valid_f1_at_03:0.02260
Epoch 2 - train_f1_at_05:0.00008  valid_f1_at_05:0.01455
>>>>>>>> Model Improved From 0.01332822673305247 ----> 0.022596706242818843
other scores here... 0.022596706242818843, 0.014553810800459595
Starting 3 epoch...
Epoch 3 - avg_train_loss: 0.00353  avg_val_loss: 0.00314  time: 593s
Epoch 3 - train_f1_at_03:0.00898  valid_f1_at_03:0.02454
Epoch 3 - train_f1_at_05:0.00021  valid_f1_at_05:0.01746
>>>>>>>> Model Improved From 0.022596706242818843 ----> 0.02453721434954679
other scores here... 0.02453721434954679, 0.017464572960551514
Starting 4 epoch...
Epoch 4 - avg_train_loss: 0.00334  avg_val_loss: 0.00284  time: 591s
Epoch 4 - train_f1_at_03:0.01085  valid_f1_at_03:0.03788
Epoch 4 - train_f1_at_05:0.00052  valid_f1_at_05:0.01030
>>>>>>>> Model Improved From 0.02453721434954679 ----> 0.03787565428316098
other scores here... 0.03787565428316098, 0.010302566066641134
Starting 5 epoch...
Epoch 5 - avg_train_loss: 0.00316  avg_val_loss: 0.00261  time: 594s
Epoch 5 - train_f1_at_03:0.01503  valid_f1_at_03:0.05560
Epoch 5 - train_f1_at_05:0.00137  valid_f1_at_05:0.01976
>>>>>>>> Model Improved From 0.03787565428316098 ----> 0.05559555725775565
other scores here... 0.05559555725775565, 0.019757436486659008
Starting 6 epoch...
Epoch 6 - avg_train_loss: 0.00300  avg_val_loss: 0.00237  time: 594s
Epoch 6 - train_f1_at_03:0.02286  valid_f1_at_03:0.10349
Epoch 6 - train_f1_at_05:0.00215  valid_f1_at_05:0.02238
>>>>>>>> Model Improved From 0.05559555725775565 ----> 0.10348671372034066
other scores here... 0.10348671372034066, 0.022382229031022594
Starting 7 epoch...
Epoch 7 - avg_train_loss: 0.00286  avg_val_loss: 0.00221  time: 597s
Epoch 7 - train_f1_at_03:0.03615  valid_f1_at_03:0.15742
Epoch 7 - train_f1_at_05:0.00327  valid_f1_at_05:0.03373
>>>>>>>> Model Improved From 0.10348671372034066 ----> 0.15741861355802375
other scores here... 0.15741861355802375, 0.033726541554959785
Starting 8 epoch...
Epoch 8 - avg_train_loss: 0.00276  avg_val_loss: 0.00212  time: 595s
Epoch 8 - train_f1_at_03:0.05033  valid_f1_at_03:0.17938
Epoch 8 - train_f1_at_05:0.00420  valid_f1_at_05:0.02624
>>>>>>>> Model Improved From 0.15741861355802375 ----> 0.1793795480658751
other scores here... 0.1793795480658751, 0.026240265543214604
Starting 9 epoch...
Epoch 9 - avg_train_loss: 0.00263  avg_val_loss: 0.00201  time: 595s
Epoch 9 - train_f1_at_03:0.06664  valid_f1_at_03:0.21224
Epoch 9 - train_f1_at_05:0.00690  valid_f1_at_05:0.05146
>>>>>>>> Model Improved From 0.1793795480658751 ----> 0.21224052087322867
other scores here... 0.21224052087322867, 0.05146176433039703
Starting 10 epoch...
Epoch 10 - avg_train_loss: 0.00255  avg_val_loss: 0.00190  time: 598s
Epoch 10 - train_f1_at_03:0.08517  valid_f1_at_03:0.26445
Epoch 10 - train_f1_at_05:0.00831  valid_f1_at_05:0.05543
>>>>>>>> Model Improved From 0.21224052087322867 ----> 0.2644504021447721
other scores here... 0.2644504021447721, 0.0554295927486276
Starting 11 epoch...
Epoch 11 - avg_train_loss: 0.00249  avg_val_loss: 0.00184  time: 591s
Epoch 11 - train_f1_at_03:0.10268  valid_f1_at_03:0.30055
Epoch 11 - train_f1_at_05:0.01176  valid_f1_at_05:0.08335
>>>>>>>> Model Improved From 0.2644504021447721 ----> 0.3005456767157265
other scores here... 0.3005456767157265, 0.08335248308438656
Starting 12 epoch...
Epoch 12 - avg_train_loss: 0.00242  avg_val_loss: 0.00177  time: 593s
Epoch 12 - train_f1_at_03:0.11951  valid_f1_at_03:0.31199
Epoch 12 - train_f1_at_05:0.01325  valid_f1_at_05:0.09812
>>>>>>>> Model Improved From 0.3005456767157265 ----> 0.3119895679451405
other scores here... 0.3119895679451405, 0.09812332439678284
Starting 13 epoch...
Epoch 13 - avg_train_loss: 0.00239  avg_val_loss: 0.00174  time: 596s
Epoch 13 - train_f1_at_03:0.12141  valid_f1_at_03:0.33982
Epoch 13 - train_f1_at_05:0.01272  valid_f1_at_05:0.09528
>>>>>>>> Model Improved From 0.3119895679451405 ----> 0.3398212689901698
other scores here... 0.3398212689901698, 0.0952763947402017
Starting 14 epoch...
Epoch 14 - avg_train_loss: 0.00232  avg_val_loss: 0.00163  time: 594s
Epoch 14 - train_f1_at_03:0.13882  valid_f1_at_03:0.40241
Epoch 14 - train_f1_at_05:0.01840  valid_f1_at_05:0.14261
>>>>>>>> Model Improved From 0.3398212689901698 ----> 0.40240776203242684
other scores here... 0.40240776203242684, 0.14261202604366144
Starting 15 epoch...
Epoch 15 - avg_train_loss: 0.00229  avg_val_loss: 0.00163  time: 594s
Epoch 15 - train_f1_at_03:0.15980  valid_f1_at_03:0.39147
Epoch 15 - train_f1_at_05:0.02116  valid_f1_at_05:0.10368
Starting 16 epoch...
Epoch 16 - avg_train_loss: 0.00225  avg_val_loss: 0.00165  time: 598s
Epoch 16 - train_f1_at_03:0.17164  valid_f1_at_03:0.35709
Epoch 16 - train_f1_at_05:0.02496  valid_f1_at_05:0.06590
Starting 17 epoch...
Epoch 17 - avg_train_loss: 0.00225  avg_val_loss: 0.00157  time: 598s
Epoch 17 - train_f1_at_03:0.17688  valid_f1_at_03:0.43193
Epoch 17 - train_f1_at_05:0.02661  valid_f1_at_05:0.12999
>>>>>>>> Model Improved From 0.40240776203242684 ----> 0.43192828874177014
other scores here... 0.43192828874177014, 0.1299936167496489
Starting 18 epoch...
Epoch 18 - avg_train_loss: 0.00219  avg_val_loss: 0.00153  time: 595s
Epoch 18 - train_f1_at_03:0.18277  valid_f1_at_03:0.44270
Epoch 18 - train_f1_at_05:0.02996  valid_f1_at_05:0.13301
>>>>>>>> Model Improved From 0.43192828874177014 ----> 0.44270321533439116
other scores here... 0.44270321533439116, 0.1330141708157794
Starting 19 epoch...
Epoch 19 - avg_train_loss: 0.00216  avg_val_loss: 0.00150  time: 598s
Epoch 19 - train_f1_at_03:0.19303  valid_f1_at_03:0.45839
Epoch 19 - train_f1_at_05:0.03225  valid_f1_at_05:0.13149
>>>>>>>> Model Improved From 0.44270321533439116 ----> 0.4583914209115282
other scores here... 0.4583914209115282, 0.13149495723222263
Starting 20 epoch...
Epoch 20 - avg_train_loss: 0.00213  avg_val_loss: 0.00154  time: 598s
Epoch 20 - train_f1_at_03:0.20230  valid_f1_at_03:0.40995
Epoch 20 - train_f1_at_05:0.03618  valid_f1_at_05:0.07578
Starting 21 epoch...
Epoch 21 - avg_train_loss: 0.00210  avg_val_loss: 0.00149  time: 591s
Epoch 21 - train_f1_at_03:0.21485  valid_f1_at_03:0.46726
Epoch 21 - train_f1_at_05:0.03888  valid_f1_at_05:0.17360
>>>>>>>> Model Improved From 0.4583914209115282 ----> 0.46726085608506135
other scores here... 0.46726085608506135, 0.17359887654793818
Starting 22 epoch...
Epoch 22 - avg_train_loss: 0.00212  avg_val_loss: 0.00156  time: 596s
Epoch 22 - train_f1_at_03:0.21477  valid_f1_at_03:0.40555
Epoch 22 - train_f1_at_05:0.04141  valid_f1_at_05:0.07803
Starting 23 epoch...
Epoch 23 - avg_train_loss: 0.00209  avg_val_loss: 0.00146  time: 593s
Epoch 23 - train_f1_at_03:0.21304  valid_f1_at_03:0.50490
Epoch 23 - train_f1_at_05:0.03988  valid_f1_at_05:0.17332
>>>>>>>> Model Improved From 0.46726085608506135 ----> 0.5049023362696285
other scores here... 0.5049023362696285, 0.1733154602323503
Starting 24 epoch...
Epoch 24 - avg_train_loss: 0.00205  avg_val_loss: 0.00147  time: 595s
Epoch 24 - train_f1_at_03:0.23235  valid_f1_at_03:0.47170
Epoch 24 - train_f1_at_05:0.04977  valid_f1_at_05:0.13673
Starting 25 epoch...
Epoch 25 - avg_train_loss: 0.00204  avg_val_loss: 0.00143  time: 595s
Epoch 25 - train_f1_at_03:0.23572  valid_f1_at_03:0.48654
Epoch 25 - train_f1_at_05:0.05044  valid_f1_at_05:0.13344
Starting 26 epoch...
Epoch 26 - avg_train_loss: 0.00200  avg_val_loss: 0.00144  time: 596s
Epoch 26 - train_f1_at_03:0.24411  valid_f1_at_03:0.47733
Epoch 26 - train_f1_at_05:0.05650  valid_f1_at_05:0.10065
Starting 27 epoch...
Epoch 27 - avg_train_loss: 0.00198  avg_val_loss: 0.00142  time: 597s
Epoch 27 - train_f1_at_03:0.25462  valid_f1_at_03:0.49738
Epoch 27 - train_f1_at_05:0.05938  valid_f1_at_05:0.14343
Starting 28 epoch...
Epoch 28 - avg_train_loss: 0.00200  avg_val_loss: 0.00140  time: 596s
Epoch 28 - train_f1_at_03:0.25203  valid_f1_at_03:0.52644
Epoch 28 - train_f1_at_05:0.05877  valid_f1_at_05:0.16042
>>>>>>>> Model Improved From 0.5049023362696285 ----> 0.5264379639255167
other scores here... 0.5264379639255167, 0.16042129452317122
Starting 29 epoch...
Epoch 29 - avg_train_loss: 0.00196  avg_val_loss: 0.00140  time: 596s
Epoch 29 - train_f1_at_03:0.26900  valid_f1_at_03:0.52078
Epoch 29 - train_f1_at_05:0.06709  valid_f1_at_05:0.25090
Starting 30 epoch...
Epoch 30 - avg_train_loss: 0.00196  avg_val_loss: 0.00139  time: 595s
Epoch 30 - train_f1_at_03:0.26471  valid_f1_at_03:0.52663
Epoch 30 - train_f1_at_05:0.06621  valid_f1_at_05:0.16142
>>>>>>>> Model Improved From 0.5264379639255167 ----> 0.5266309204647006
other scores here... 0.5266309204647006, 0.1614196348780799
Starting 31 epoch...
Epoch 31 - avg_train_loss: 0.00194  avg_val_loss: 0.00136  time: 598s
Epoch 31 - train_f1_at_03:0.27232  valid_f1_at_03:0.54286
Epoch 31 - train_f1_at_05:0.07238  valid_f1_at_05:0.22705
>>>>>>>> Model Improved From 0.5266309204647006 ----> 0.5428622494574237
other scores here... 0.5428622494574237, 0.22705221498787184
Starting 32 epoch...
Epoch 32 - avg_train_loss: 0.00196  avg_val_loss: 0.00134  time: 598s
Epoch 32 - train_f1_at_03:0.26617  valid_f1_at_03:0.55421
Epoch 32 - train_f1_at_05:0.06555  valid_f1_at_05:0.23683
>>>>>>>> Model Improved From 0.5428622494574237 ----> 0.5542142218817822
other scores here... 0.5542142218817822, 0.23683135452572449
Starting 33 epoch...
Epoch 33 - avg_train_loss: 0.00190  avg_val_loss: 0.00135  time: 595s
Epoch 33 - train_f1_at_03:0.28898  valid_f1_at_03:0.54404
Epoch 33 - train_f1_at_05:0.08054  valid_f1_at_05:0.21429
Starting 34 epoch...
Epoch 34 - avg_train_loss: 0.00194  avg_val_loss: 0.00132  time: 593s
Epoch 34 - train_f1_at_03:0.26978  valid_f1_at_03:0.56835
Epoch 34 - train_f1_at_05:0.06732  valid_f1_at_05:0.29070
>>>>>>>> Model Improved From 0.5542142218817822 ----> 0.5683478324305593
other scores here... 0.5683478324305593, 0.2906957742882676
Starting 35 epoch...
Epoch 35 - avg_train_loss: 0.00191  avg_val_loss: 0.00135  time: 595s
Epoch 35 - train_f1_at_03:0.28305  valid_f1_at_03:0.55253
Epoch 35 - train_f1_at_05:0.07414  valid_f1_at_05:0.25856
Starting 36 epoch...
Epoch 36 - avg_train_loss: 0.00189  avg_val_loss: 0.00133  time: 593s
Epoch 36 - train_f1_at_03:0.28501  valid_f1_at_03:0.55910
Epoch 36 - train_f1_at_05:0.07873  valid_f1_at_05:0.24301
Starting 37 epoch...
Epoch 37 - avg_train_loss: 0.00189  avg_val_loss: 0.00139  time: 599s
Epoch 37 - train_f1_at_03:0.29047  valid_f1_at_03:0.51814
Epoch 37 - train_f1_at_05:0.08661  valid_f1_at_05:0.13317
Starting 38 epoch...
Epoch 38 - avg_train_loss: 0.00189  avg_val_loss: 0.00137  time: 598s
Epoch 38 - train_f1_at_03:0.29940  valid_f1_at_03:0.53301
Epoch 38 - train_f1_at_05:0.08779  valid_f1_at_05:0.13456
Starting 39 epoch...
Epoch 39 - avg_train_loss: 0.00187  avg_val_loss: 0.00133  time: 596s
Epoch 39 - train_f1_at_03:0.29776  valid_f1_at_03:0.55594
Epoch 39 - train_f1_at_05:0.09328  valid_f1_at_05:0.19290
Starting 40 epoch...
Epoch 40 - avg_train_loss: 0.00185  avg_val_loss: 0.00139  time: 596s
Epoch 40 - train_f1_at_03:0.28647  valid_f1_at_03:0.52132
Epoch 40 - train_f1_at_05:0.08804  valid_f1_at_05:0.12130
Starting 41 epoch...
Epoch 41 - avg_train_loss: 0.00183  avg_val_loss: 0.00137  time: 599s
Epoch 41 - train_f1_at_03:0.30009  valid_f1_at_03:0.53594
Epoch 41 - train_f1_at_05:0.09781  valid_f1_at_05:0.14358
Starting 42 epoch...
Epoch 42 - avg_train_loss: 0.00187  avg_val_loss: 0.00129  time: 600s
Epoch 42 - train_f1_at_03:0.29414  valid_f1_at_03:0.58699
Epoch 42 - train_f1_at_05:0.09451  valid_f1_at_05:0.30683
>>>>>>>> Model Improved From 0.5683478324305593 ----> 0.5869858291842206
other scores here... 0.5869858291842206, 0.3068300778756543
Starting 43 epoch...
Epoch 43 - avg_train_loss: 0.00184  avg_val_loss: 0.00138  time: 594s
Epoch 43 - train_f1_at_03:0.29722  valid_f1_at_03:0.50832
Epoch 43 - train_f1_at_05:0.09124  valid_f1_at_05:0.07381
Starting 44 epoch...
Epoch 44 - avg_train_loss: 0.00185  avg_val_loss: 0.00128  time: 597s
Epoch 44 - train_f1_at_03:0.28149  valid_f1_at_03:0.58957
Epoch 44 - train_f1_at_05:0.08519  valid_f1_at_05:0.27417
>>>>>>>> Model Improved From 0.5869858291842206 ----> 0.5895657565975452
other scores here... 0.5895657565975452, 0.2741733690795353
Starting 45 epoch...
Epoch 45 - avg_train_loss: 0.00182  avg_val_loss: 0.00133  time: 597s
Epoch 45 - train_f1_at_03:0.31197  valid_f1_at_03:0.56007
Epoch 45 - train_f1_at_05:0.09730  valid_f1_at_05:0.21993
Starting 46 epoch...
Epoch 46 - avg_train_loss: 0.00182  avg_val_loss: 0.00132  time: 596s
Epoch 46 - train_f1_at_03:0.30754  valid_f1_at_03:0.57770
Epoch 46 - train_f1_at_05:0.10497  valid_f1_at_05:0.21231
Starting 47 epoch...
Epoch 47 - avg_train_loss: 0.00178  avg_val_loss: 0.00130  time: 595s
Epoch 47 - train_f1_at_03:0.32447  valid_f1_at_03:0.57965
Epoch 47 - train_f1_at_05:0.11368  valid_f1_at_05:0.23869
Starting 48 epoch...
Epoch 48 - avg_train_loss: 0.00181  avg_val_loss: 0.00133  time: 597s
Epoch 48 - train_f1_at_03:0.29300  valid_f1_at_03:0.55675
Epoch 48 - train_f1_at_05:0.09562  valid_f1_at_05:0.12723
Starting 49 epoch...
Epoch 49 - avg_train_loss: 0.00181  avg_val_loss: 0.00134  time: 594s
Epoch 49 - train_f1_at_03:0.32579  valid_f1_at_03:0.55773
Epoch 49 - train_f1_at_05:0.10759  valid_f1_at_05:0.12941
Starting 50 epoch...
Epoch 50 - avg_train_loss: 0.00178  avg_val_loss: 0.00133  time: 595s
Epoch 50 - train_f1_at_03:0.33193  valid_f1_at_03:0.57426
Epoch 50 - train_f1_at_05:0.11896  valid_f1_at_05:0.23773
Starting 51 epoch...
Epoch 51 - avg_train_loss: 0.00176  avg_val_loss: 0.00132  time: 596s
Epoch 51 - train_f1_at_03:0.31155  valid_f1_at_03:0.58018
Epoch 51 - train_f1_at_05:0.10987  valid_f1_at_05:0.32022
Starting 52 epoch...
Epoch 52 - avg_train_loss: 0.00178  avg_val_loss: 0.00128  time: 595s
Epoch 52 - train_f1_at_03:0.32134  valid_f1_at_03:0.60006
Epoch 52 - train_f1_at_05:0.11825  valid_f1_at_05:0.29390
>>>>>>>> Model Improved From 0.5895657565975452 ----> 0.60005872590323
other scores here... 0.60005872590323, 0.2938950593642283
Starting 53 epoch...
Epoch 53 - avg_train_loss: 0.00179  avg_val_loss: 0.00127  time: 594s
Epoch 53 - train_f1_at_03:0.30185  valid_f1_at_03:0.58511
Epoch 53 - train_f1_at_05:0.10255  valid_f1_at_05:0.27451
Starting 54 epoch...
Epoch 54 - avg_train_loss: 0.00178  avg_val_loss: 0.00127  time: 593s
Epoch 54 - train_f1_at_03:0.33111  valid_f1_at_03:0.59655
Epoch 54 - train_f1_at_05:0.11395  valid_f1_at_05:0.35443
Starting 55 epoch...
Epoch 55 - avg_train_loss: 0.00179  avg_val_loss: 0.00133  time: 598s
Epoch 55 - train_f1_at_03:0.33485  valid_f1_at_03:0.55318
Epoch 55 - train_f1_at_05:0.11747  valid_f1_at_05:0.13386
Starting 56 epoch...
Epoch 56 - avg_train_loss: 0.00172  avg_val_loss: 0.00131  time: 593s
Epoch 56 - train_f1_at_03:0.34694  valid_f1_at_03:0.57635
Epoch 56 - train_f1_at_05:0.12753  valid_f1_at_05:0.20524
Starting 57 epoch...
Epoch 57 - avg_train_loss: 0.00172  avg_val_loss: 0.00126  time: 594s
Epoch 57 - train_f1_at_03:0.32550  valid_f1_at_03:0.59091
Epoch 57 - train_f1_at_05:0.12094  valid_f1_at_05:0.25074
Starting 58 epoch...
Epoch 58 - avg_train_loss: 0.00173  avg_val_loss: 0.00133  time: 599s
Epoch 58 - train_f1_at_03:0.33654  valid_f1_at_03:0.57614
Epoch 58 - train_f1_at_05:0.12270  valid_f1_at_05:0.21222
Starting 59 epoch...
Epoch 59 - avg_train_loss: 0.00172  avg_val_loss: 0.00128  time: 593s
Epoch 59 - train_f1_at_03:0.33704  valid_f1_at_03:0.59490
Epoch 59 - train_f1_at_05:0.12987  valid_f1_at_05:0.31354
Starting 60 epoch...
Epoch 60 - avg_train_loss: 0.00171  avg_val_loss: 0.00128  time: 597s
Epoch 60 - train_f1_at_03:0.35012  valid_f1_at_03:0.59119
Epoch 60 - train_f1_at_05:0.12815  valid_f1_at_05:0.28712
Starting 61 epoch...
Epoch 61 - avg_train_loss: 0.00171  avg_val_loss: 0.00127  time: 593s
Epoch 61 - train_f1_at_03:0.34336  valid_f1_at_03:0.59980
Epoch 61 - train_f1_at_05:0.13055  valid_f1_at_05:0.29014
Starting 62 epoch...
Epoch 62 - avg_train_loss: 0.00173  avg_val_loss: 0.00128  time: 596s
Epoch 62 - train_f1_at_03:0.34258  valid_f1_at_03:0.58807
Epoch 62 - train_f1_at_05:0.12258  valid_f1_at_05:0.24951
Starting 63 epoch...
Epoch 63 - avg_train_loss: 0.00171  avg_val_loss: 0.00127  time: 594s
Epoch 63 - train_f1_at_03:0.34580  valid_f1_at_03:0.59970
Epoch 63 - train_f1_at_05:0.12967  valid_f1_at_05:0.28768
Starting 64 epoch...
Epoch 64 - avg_train_loss: 0.00173  avg_val_loss: 0.00130  time: 594s
Epoch 64 - train_f1_at_03:0.34569  valid_f1_at_03:0.59215
Epoch 64 - train_f1_at_05:0.13061  valid_f1_at_05:0.25243
Starting 65 epoch...
Epoch 65 - avg_train_loss: 0.00167  avg_val_loss: 0.00127  time: 593s
Epoch 65 - train_f1_at_03:0.35239  valid_f1_at_03:0.59198
Epoch 65 - train_f1_at_05:0.14383  valid_f1_at_05:0.31445
Starting 66 epoch...
Epoch 66 - avg_train_loss: 0.00170  avg_val_loss: 0.00126  time: 597s
Epoch 66 - train_f1_at_03:0.35055  valid_f1_at_03:0.59941
Epoch 66 - train_f1_at_05:0.13414  valid_f1_at_05:0.25734
Starting 67 epoch...
Epoch 67 - avg_train_loss: 0.00166  avg_val_loss: 0.00126  time: 594s
Epoch 67 - train_f1_at_03:0.34972  valid_f1_at_03:0.60199
Epoch 67 - train_f1_at_05:0.14531  valid_f1_at_05:0.32630
>>>>>>>> Model Improved From 0.60005872590323 ----> 0.6019890208093961
other scores here... 0.6019890208093961, 0.3263040980467254
Starting 68 epoch...
Epoch 68 - avg_train_loss: 0.00168  avg_val_loss: 0.00127  time: 593s
Epoch 68 - train_f1_at_03:0.35646  valid_f1_at_03:0.59798
Epoch 68 - train_f1_at_05:0.14186  valid_f1_at_05:0.28714
Starting 69 epoch...
Epoch 69 - avg_train_loss: 0.00168  avg_val_loss: 0.00126  time: 593s
Epoch 69 - train_f1_at_03:0.36000  valid_f1_at_03:0.60920
Epoch 69 - train_f1_at_05:0.14133  valid_f1_at_05:0.41818
>>>>>>>> Model Improved From 0.6019890208093961 ----> 0.6091995404059748
other scores here... 0.6091995404059748, 0.41817949699987234
Starting 70 epoch...
Epoch 70 - avg_train_loss: 0.00169  avg_val_loss: 0.00125  time: 597s
Epoch 70 - train_f1_at_03:0.36726  valid_f1_at_03:0.60915
Epoch 70 - train_f1_at_05:0.14944  valid_f1_at_05:0.36825
Starting 71 epoch...
Epoch 71 - avg_train_loss: 0.00168  avg_val_loss: 0.00127  time: 596s
Epoch 71 - train_f1_at_03:0.36418  valid_f1_at_03:0.59498
Epoch 71 - train_f1_at_05:0.15126  valid_f1_at_05:0.28118
Starting 72 epoch...
Epoch 72 - avg_train_loss: 0.00165  avg_val_loss: 0.00130  time: 593s
Epoch 72 - train_f1_at_03:0.36207  valid_f1_at_03:0.58598
Epoch 72 - train_f1_at_05:0.14485  valid_f1_at_05:0.34945
Starting 73 epoch...
Epoch 73 - avg_train_loss: 0.00166  avg_val_loss: 0.00128  time: 597s
Epoch 73 - train_f1_at_03:0.35996  valid_f1_at_03:0.59876
Epoch 73 - train_f1_at_05:0.14360  valid_f1_at_05:0.23155
Starting 74 epoch...
Epoch 74 - avg_train_loss: 0.00165  avg_val_loss: 0.00133  time: 595s
Epoch 74 - train_f1_at_03:0.35874  valid_f1_at_03:0.56752
Epoch 74 - train_f1_at_05:0.14121  valid_f1_at_05:0.10665
Starting 75 epoch...
Epoch 75 - avg_train_loss: 0.00167  avg_val_loss: 0.00129  time: 596s
Epoch 75 - train_f1_at_03:0.34752  valid_f1_at_03:0.58779
Epoch 75 - train_f1_at_05:0.14490  valid_f1_at_05:0.20171
Starting 76 epoch...
Epoch 76 - avg_train_loss: 0.00161  avg_val_loss: 0.00130  time: 597s
Epoch 76 - train_f1_at_03:0.35756  valid_f1_at_03:0.59788
Epoch 76 - train_f1_at_05:0.14998  valid_f1_at_05:0.26627
Starting 77 epoch...
Epoch 77 - avg_train_loss: 0.00168  avg_val_loss: 0.00131  time: 594s
Epoch 77 - train_f1_at_03:0.36087  valid_f1_at_03:0.59335
Epoch 77 - train_f1_at_05:0.14122  valid_f1_at_05:0.23590
Starting 78 epoch...
Epoch 78 - avg_train_loss: 0.00166  avg_val_loss: 0.00125  time: 592s
Epoch 78 - train_f1_at_03:0.37819  valid_f1_at_03:0.61687
Epoch 78 - train_f1_at_05:0.15248  valid_f1_at_05:0.39862
>>>>>>>> Model Improved From 0.6091995404059748 ----> 0.6168747606281119
other scores here... 0.6168747606281119, 0.398621217924167
Starting 79 epoch...
Epoch 79 - avg_train_loss: 0.00164  avg_val_loss: 0.00126  time: 594s
Epoch 79 - train_f1_at_03:0.36324  valid_f1_at_03:0.60043
Epoch 79 - train_f1_at_05:0.14479  valid_f1_at_05:0.26450
Starting 80 epoch...
Epoch 80 - avg_train_loss: 0.00167  avg_val_loss: 0.00125  time: 592s
Epoch 80 - train_f1_at_03:0.35782  valid_f1_at_03:0.61012
Epoch 80 - train_f1_at_05:0.13682  valid_f1_at_05:0.32329
Starting 81 epoch...
Epoch 81 - avg_train_loss: 0.00079  avg_val_loss: 0.00147  time: 596s
Epoch 81 - train_f1_at_03:0.72296  valid_f1_at_03:0.60903
Epoch 81 - train_f1_at_05:0.55726  valid_f1_at_05:0.50783
Starting 82 epoch...
Epoch 82 - avg_train_loss: 0.00075  avg_val_loss: 0.00146  time: 594s
Epoch 82 - train_f1_at_03:0.74020  valid_f1_at_03:0.61878
Epoch 82 - train_f1_at_05:0.58876  valid_f1_at_05:0.52363
>>>>>>>> Model Improved From 0.6168747606281119 ----> 0.6187795225328737
other scores here... 0.6187795225328737, 0.5236282394995532
Starting 83 epoch...
Epoch 83 - avg_train_loss: 0.00072  avg_val_loss: 0.00144  time: 596s
Epoch 83 - train_f1_at_03:0.74785  valid_f1_at_03:0.62175
Epoch 83 - train_f1_at_05:0.60566  valid_f1_at_05:0.52353
>>>>>>>> Model Improved From 0.6187795225328737 ----> 0.6217464572960552
other scores here... 0.6217464572960552, 0.5235286607940763
Starting 84 epoch...
Epoch 84 - avg_train_loss: 0.00071  avg_val_loss: 0.00151  time: 598s
Epoch 84 - train_f1_at_03:0.75011  valid_f1_at_03:0.60445
Epoch 84 - train_f1_at_05:0.61150  valid_f1_at_05:0.50267
Starting 85 epoch...
Epoch 85 - avg_train_loss: 0.00070  avg_val_loss: 0.00153  time: 596s
Epoch 85 - train_f1_at_03:0.75391  valid_f1_at_03:0.61553
Epoch 85 - train_f1_at_05:0.61561  valid_f1_at_05:0.52431
Starting 86 epoch...
Epoch 86 - avg_train_loss: 0.00069  avg_val_loss: 0.00156  time: 594s
Epoch 86 - train_f1_at_03:0.75741  valid_f1_at_03:0.60423
Epoch 86 - train_f1_at_05:0.62156  valid_f1_at_05:0.50748
Starting 87 epoch...
Epoch 87 - avg_train_loss: 0.00068  avg_val_loss: 0.00160  time: 591s
Epoch 87 - train_f1_at_03:0.76013  valid_f1_at_03:0.60568
Epoch 87 - train_f1_at_05:0.62683  valid_f1_at_05:0.51381
Starting 88 epoch...
Epoch 88 - avg_train_loss: 0.00066  avg_val_loss: 0.00151  time: 593s
Epoch 88 - train_f1_at_03:0.76577  valid_f1_at_03:0.61024
Epoch 88 - train_f1_at_05:0.63548  valid_f1_at_05:0.51188
Starting 89 epoch...
Epoch 89 - avg_train_loss: 0.00066  avg_val_loss: 0.00155  time: 592s
Epoch 89 - train_f1_at_03:0.76520  valid_f1_at_03:0.60397
Epoch 89 - train_f1_at_05:0.63541  valid_f1_at_05:0.50629
Starting 90 epoch...
Epoch 90 - avg_train_loss: 0.00065  avg_val_loss: 0.00157  time: 592s
Epoch 90 - train_f1_at_03:0.76732  valid_f1_at_03:0.60119
Epoch 90 - train_f1_at_05:0.63535  valid_f1_at_05:0.51201
Starting 91 epoch...
Epoch 91 - avg_train_loss: 0.00065  avg_val_loss: 0.00155  time: 594s
Epoch 91 - train_f1_at_03:0.76651  valid_f1_at_03:0.60262
Epoch 91 - train_f1_at_05:0.63870  valid_f1_at_05:0.50740
Starting 92 epoch...
Epoch 92 - avg_train_loss: 0.00065  avg_val_loss: 0.00151  time: 593s
Epoch 92 - train_f1_at_03:0.76854  valid_f1_at_03:0.61455
Epoch 92 - train_f1_at_05:0.63845  valid_f1_at_05:0.52025
Starting 93 epoch...
Epoch 93 - avg_train_loss: 0.00065  avg_val_loss: 0.00153  time: 596s
Epoch 93 - train_f1_at_03:0.77122  valid_f1_at_03:0.60546
Epoch 93 - train_f1_at_05:0.64244  valid_f1_at_05:0.50562
Starting 94 epoch...
Epoch 94 - avg_train_loss: 0.00064  avg_val_loss: 0.00155  time: 593s
Epoch 94 - train_f1_at_03:0.77048  valid_f1_at_03:0.61472
Epoch 94 - train_f1_at_05:0.64287  valid_f1_at_05:0.52701
Starting 95 epoch...
Epoch 95 - avg_train_loss: 0.00063  avg_val_loss: 0.00160  time: 591s
Epoch 95 - train_f1_at_03:0.77576  valid_f1_at_03:0.60789
Epoch 95 - train_f1_at_05:0.64564  valid_f1_at_05:0.51559
Starting 96 epoch...
Epoch 96 - avg_train_loss: 0.00063  avg_val_loss: 0.00159  time: 594s
Epoch 96 - train_f1_at_03:0.77606  valid_f1_at_03:0.61315
Epoch 96 - train_f1_at_05:0.65246  valid_f1_at_05:0.52522
Starting 97 epoch...
Epoch 97 - avg_train_loss: 0.00062  avg_val_loss: 0.00158  time: 591s
Epoch 97 - train_f1_at_03:0.77698  valid_f1_at_03:0.61173
Epoch 97 - train_f1_at_05:0.65264  valid_f1_at_05:0.52434
Starting 98 epoch...
Epoch 98 - avg_train_loss: 0.00061  avg_val_loss: 0.00161  time: 592s
Epoch 98 - train_f1_at_03:0.78158  valid_f1_at_03:0.60722
Epoch 98 - train_f1_at_05:0.65853  valid_f1_at_05:0.52016
Starting 99 epoch...
Epoch 99 - avg_train_loss: 0.00061  avg_val_loss: 0.00163  time: 591s
Epoch 99 - train_f1_at_03:0.78387  valid_f1_at_03:0.60780
Epoch 99 - train_f1_at_05:0.66234  valid_f1_at_05:0.52229
Starting 100 epoch...
Epoch 100 - avg_train_loss: 0.00060  avg_val_loss: 0.00168  time: 594s
Epoch 100 - train_f1_at_03:0.78422  valid_f1_at_03:0.59992
Epoch 100 - train_f1_at_05:0.66317  valid_f1_at_05:0.51006
Starting 101 epoch...
Epoch 101 - avg_train_loss: 0.00060  avg_val_loss: 0.00165  time: 593s
Epoch 101 - train_f1_at_03:0.78434  valid_f1_at_03:0.60630
Epoch 101 - train_f1_at_05:0.66152  valid_f1_at_05:0.51773
Starting 102 epoch...
Epoch 102 - avg_train_loss: 0.00061  avg_val_loss: 0.00166  time: 593s
Epoch 102 - train_f1_at_03:0.78177  valid_f1_at_03:0.61005
Epoch 102 - train_f1_at_05:0.65782  valid_f1_at_05:0.52289
Starting 103 epoch...
Epoch 103 - avg_train_loss: 0.00060  avg_val_loss: 0.00168  time: 591s
Epoch 103 - train_f1_at_03:0.78585  valid_f1_at_03:0.61015
Epoch 103 - train_f1_at_05:0.66418  valid_f1_at_05:0.52172
Starting 104 epoch...
